0 info it worked if it ends with ok
1 verbose cli [
1 verbose cli   '/home/jseng/.nvm/versions/node/v20.11.1/bin/node',
1 verbose cli   '/home/jseng/.nvm/versions/node/v20.11.1/bin/npm',
1 verbose cli   'install'
1 verbose cli ]
2 info using npm@4.0.5
3 info using node@v20.11.1
4 silly loadCurrentTree Starting
5 silly install loadCurrentTree
6 silly install readLocalPackageData
7 verbose stack TypeError: cb.apply is not a function
7 verbose stack     at /home/jseng/.nvm/versions/node/v20.11.1/lib/node_modules/npm/node_modules/graceful-fs/polyfills.js:287:18
7 verbose stack     at FSReqCallback.oncomplete (node:fs:202:5)
8 verbose cwd /home/jseng/repos/javascript-exercises
9 error Linux 5.15.133.1-microsoft-standard-WSL2
10 error argv "/home/jseng/.nvm/versions/node/v20.11.1/bin/node" "/home/jseng/.nvm/versions/node/v20.11.1/bin/npm" "install"
11 error node v20.11.1
12 error npm  v4.0.5
13 error cb.apply is not a function
14 error If you need help, you may report this error at:
14 error     <https://github.com/npm/npm/issues>
15 verbose exit [ 1, true ]
